[debug] [2025-05-15T06:57:31.174Z] ----------------------------------------------------------------------
[debug] [2025-05-15T06:57:31.180Z] Command:       /Users/huzaifaahmed/.nvm/versions/node/v20.18.0/bin/node /Users/huzaifaahmed/.nvm/versions/node/v20.18.0/bin/firebase init hosting
[debug] [2025-05-15T06:57:31.180Z] CLI Version:   14.3.1
[debug] [2025-05-15T06:57:31.180Z] Platform:      darwin
[debug] [2025-05-15T06:57:31.180Z] Node Version:  v20.18.0
[debug] [2025-05-15T06:57:31.181Z] Time:          Thu May 15 2025 12:57:31 GMT+0600 (Bangladesh Standard Time)
[debug] [2025-05-15T06:57:31.181Z] ----------------------------------------------------------------------
[debug] 
[debug] [2025-05-15T06:57:31.183Z] > command requires scopes: ["email","openid","https://www.googleapis.com/auth/cloudplatformprojects.readonly","https://www.googleapis.com/auth/firebase","https://www.googleapis.com/auth/cloud-platform"]
[debug] [2025-05-15T06:57:31.183Z] > authorizing via signed-in user (huzaifa.ahmed33@gmail.com)
[info] 
     ######## #### ########  ######## ########     ###     ######  ########
     ##        ##  ##     ## ##       ##     ##  ##   ##  ##       ##
     ######    ##  ########  ######   ########  #########  ######  ######
     ##        ##  ##    ##  ##       ##     ## ##     ##       ## ##
     ##       #### ##     ## ######## ########  ##     ##  ######  ########

You're about to initialize a Firebase project in this directory:

  /Users/huzaifaahmed/Backend/AppLinking

[info] 
=== Project Setup
[info] 
[info] First, let's associate this project directory with a Firebase project.
[info] You can create multiple project aliases by running firebase use --add, 
[info] but for now we'll just set up a default project.
[info] 
[info] i  If you want to create a project in a Google Cloud organization or folder, please use "firebase projects:create" instead, and return to this command when you've created the project. 
[debug] [2025-05-15T06:58:04.061Z] Checked if tokens are valid: true, expires at: 1747295831827
[debug] [2025-05-15T06:58:04.061Z] Checked if tokens are valid: true, expires at: 1747295831827
[debug] [2025-05-15T06:58:04.063Z] >>> [apiv2][query] POST https://cloudresourcemanager.googleapis.com/v1/projects [none]
[debug] [2025-05-15T06:58:04.063Z] >>> [apiv2][body] POST https://cloudresourcemanager.googleapis.com/v1/projects {"projectId":"app_linking","name":"app_linking"}
[debug] [2025-05-15T06:58:06.100Z] <<< [apiv2][status] POST https://cloudresourcemanager.googleapis.com/v1/projects 400
[debug] [2025-05-15T06:58:06.100Z] <<< [apiv2][body] POST https://cloudresourcemanager.googleapis.com/v1/projects {"error":{"code":400,"message":"Request contains an invalid argument.","status":"INVALID_ARGUMENT","details":[{"@type":"type.googleapis.com/google.rpc.BadRequest","fieldViolations":[{"field":"project_id","description":"project_id contains invalid characters"},{"field":"display_name","description":"project display name contains invalid characters"}]},{"@type":"type.googleapis.com/google.rpc.Help","links":[{"url":"https://cloud.google.com/resource-manager/reference/rest/v1/projects"}]}]}}
[debug] [2025-05-15T06:58:06.445Z] FirebaseError: Request to https://cloudresourcemanager.googleapis.com/v1/projects had HTTP Error: 400, Request contains an invalid argument.
    at responseToError (/Users/huzaifaahmed/.nvm/versions/node/v20.18.0/lib/node_modules/firebase-tools/lib/responseToError.js:52:12)
    at RetryOperation._fn (/Users/huzaifaahmed/.nvm/versions/node/v20.18.0/lib/node_modules/firebase-tools/lib/apiv2.js:312:77)
    at process.processTicksAndRejections (node:internal/process/task_queues:95:5)
[error] 
[error] Error: Failed to create project. See firebase-debug.log for more info.
[debug] [2025-05-15T06:58:16.291Z] ----------------------------------------------------------------------
[debug] [2025-05-15T06:58:16.292Z] Command:       /Users/huzaifaahmed/.nvm/versions/node/v20.18.0/bin/node /Users/huzaifaahmed/.nvm/versions/node/v20.18.0/bin/firebase init hosting
[debug] [2025-05-15T06:58:16.293Z] CLI Version:   14.3.1
[debug] [2025-05-15T06:58:16.293Z] Platform:      darwin
[debug] [2025-05-15T06:58:16.293Z] Node Version:  v20.18.0
[debug] [2025-05-15T06:58:16.293Z] Time:          Thu May 15 2025 12:58:16 GMT+0600 (Bangladesh Standard Time)
[debug] [2025-05-15T06:58:16.293Z] ----------------------------------------------------------------------
[debug] 
[debug] [2025-05-15T06:58:16.295Z] > command requires scopes: ["email","openid","https://www.googleapis.com/auth/cloudplatformprojects.readonly","https://www.googleapis.com/auth/firebase","https://www.googleapis.com/auth/cloud-platform"]
[debug] [2025-05-15T06:58:16.295Z] > authorizing via signed-in user (huzaifa.ahmed33@gmail.com)
[info] 
     ######## #### ########  ######## ########     ###     ######  ########
     ##        ##  ##     ## ##       ##     ##  ##   ##  ##       ##
     ######    ##  ########  ######   ########  #########  ######  ######
     ##        ##  ##    ##  ##       ##     ## ##     ##       ## ##
     ##       #### ##     ## ######## ########  ##     ##  ######  ########

You're about to initialize a Firebase project in this directory:

  /Users/huzaifaahmed/Backend/AppLinking

[info] 
=== Project Setup
[info] 
[info] First, let's associate this project directory with a Firebase project.
[info] You can create multiple project aliases by running firebase use --add, 
[info] but for now we'll just set up a default project.
[info] 
[debug] [2025-05-15T06:58:18.362Z] Checked if tokens are valid: true, expires at: 1747295831827
[debug] [2025-05-15T06:58:18.362Z] Checked if tokens are valid: true, expires at: 1747295831827
[debug] [2025-05-15T06:58:18.363Z] >>> [apiv2][query] GET https://firebase.googleapis.com/v1beta1/projects pageSize=100
[debug] [2025-05-15T06:58:19.132Z] <<< [apiv2][status] GET https://firebase.googleapis.com/v1beta1/projects 200
[debug] [2025-05-15T06:58:19.133Z] <<< [apiv2][body] GET https://firebase.googleapis.com/v1beta1/projects [omitted]
[info] i  Using project expense-tracker-e90c0 (Pocket Guard) 
[info] 
=== Hosting Setup
[debug] [2025-05-15T06:58:22.295Z] Checked if tokens are valid: true, expires at: 1747295831827
[debug] [2025-05-15T06:58:22.295Z] Checked if tokens are valid: true, expires at: 1747295831827
[debug] [2025-05-15T06:58:22.295Z] >>> [apiv2][query] GET https://firebase.googleapis.com/v1beta1/projects/expense-tracker-e90c0 [none]
[debug] [2025-05-15T06:58:22.756Z] <<< [apiv2][status] GET https://firebase.googleapis.com/v1beta1/projects/expense-tracker-e90c0 200
[debug] [2025-05-15T06:58:22.757Z] <<< [apiv2][body] GET https://firebase.googleapis.com/v1beta1/projects/expense-tracker-e90c0 {"projectId":"expense-tracker-e90c0","projectNumber":"795298257858","displayName":"Pocket Guard","name":"projects/expense-tracker-e90c0","resources":{"hostingSite":"expense-tracker-e90c0"},"state":"ACTIVE","etag":"1_a0e51abb-f862-488d-be63-5701a6c71040"}
[info] 
[info] Your public directory is the folder (relative to your project directory) that
[info] will contain Hosting assets to be uploaded with firebase deploy. If you
[info] have a build process for your assets, use your build's output directory.
[info] 
[debug] [2025-05-15T06:58:47.944Z] >>> [apiv2][query] GET https://www.gstatic.com/firebasejs/releases.json [none]
[debug] [2025-05-15T06:58:48.267Z] <<< [apiv2][status] GET https://www.gstatic.com/firebasejs/releases.json 200
[debug] [2025-05-15T06:58:48.268Z] <<< [apiv2][body] GET https://www.gstatic.com/firebasejs/releases.json {"current":{"version":"11.7.3","browserURL":"https://www.gstatic.com/firebasejs/11.7.3/firebase.js","packageURL":"https://www.gstatic.com/firebasejs/11.7.3/firebase.tgz"},"live":{"version":"11.7","browserURL":"https://www.gstatic.com/firebasejs/live/11.7/firebase.js","packageURL":"https://www.gstatic.com/firebasejs/live/11.7/firebase.tgz"},"components":{"analytics":"https://www.gstatic.com/firebasejs/11.7.3/firebase-analytics.js","app":"https://www.gstatic.com/firebasejs/11.7.3/firebase-app.js","app-check":"https://www.gstatic.com/firebasejs/11.7.3/firebase-app-check.js","auth":"https://www.gstatic.com/firebasejs/11.7.3/firebase-auth.js","auth/cordova":"https://www.gstatic.com/firebasejs/11.7.3/firebase-auth/cordova.js","auth/web-extension":"https://www.gstatic.com/firebasejs/11.7.3/firebase-auth/web-extension.js","functions":"https://www.gstatic.com/firebasejs/11.7.3/firebase-functions.js","firestore":"https://www.gstatic.com/firebasejs/11.7.3/firebase-firestore.js","firestore/lite":"https://www.gstatic.com/firebasejs/11.7.3/firebase-firestore/lite.js","installations":"https://www.gstatic.com/firebasejs/11.7.3/firebase-installations.js","storage":"https://www.gstatic.com/firebasejs/11.7.3/firebase-storage.js","performance":"https://www.gstatic.com/firebasejs/11.7.3/firebase-performance.js","remote-config":"https://www.gstatic.com/firebasejs/11.7.3/firebase-remote-config.js","messaging":"https://www.gstatic.com/firebasejs/11.7.3/firebase-messaging.js","messaging/sw":"https://www.gstatic.com/firebasejs/11.7.3/firebase-messaging/sw.js","database":"https://www.gstatic.com/firebasejs/11.7.3/firebase-database.js","vertexai":"https://www.gstatic.com/firebasejs/11.7.3/firebase-vertexai.js","data-connect":"https://www.gstatic.com/firebasejs/11.7.3/firebase-data-connect.js","firestore.memory":"https://www.gstatic.com/firebasejs/11.7.3/firebase-firestore.memory.js"}}
[info] ✔  Wrote public/index.html 
[info] 
[info] i  Didn't detect a .git folder. Assuming /Users/huzaifaahmed/Backend/AppLinking is the project root. 
[info] i  Authorizing with GitHub to upload your service account to a GitHub repository's secrets store. 
[info] 
[info] Visit this URL on this device to log in:
[info] https://github.com/login/oauth/authorize?client_id=89cf50f02ac6aaed3484&state=762643870&redirect_uri=http%3A%2F%2Flocalhost%3A9005&scope=read%3Auser%20repo%20public_repo
[info] 
[info] Waiting for authentication...
[debug] [2025-05-15T06:59:09.966Z] >>> [apiv2][query] POST https://github.com/login/oauth/access_token [none]
[debug] [2025-05-15T06:59:09.967Z] >>> [apiv2][body] POST https://github.com/login/oauth/access_token [stream]
[debug] [2025-05-15T06:59:11.093Z] <<< [apiv2][status] POST https://github.com/login/oauth/access_token 200
[debug] [2025-05-15T06:59:11.093Z] <<< [apiv2][body] POST https://github.com/login/oauth/access_token {"access_token":"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","token_type":"bearer","scope":"read:user,repo"}
[debug] [2025-05-15T06:59:11.105Z] >>> [apiv2][query] GET https://api.github.com/user [none]
[debug] [2025-05-15T06:59:11.806Z] <<< [apiv2][status] GET https://api.github.com/user 200
[debug] [2025-05-15T06:59:11.806Z] <<< [apiv2][body] GET https://api.github.com/user {"login":"HA-Qodex","id":70651190,"node_id":"MDQ6VXNlcjcwNjUxMTkw","avatar_url":"https://avatars.githubusercontent.com/u/70651190?v=4","gravatar_id":"","url":"https://api.github.com/users/HA-Qodex","html_url":"https://github.com/HA-Qodex","followers_url":"https://api.github.com/users/HA-Qodex/followers","following_url":"https://api.github.com/users/HA-Qodex/following{/other_user}","gists_url":"https://api.github.com/users/HA-Qodex/gists{/gist_id}","starred_url":"https://api.github.com/users/HA-Qodex/starred{/owner}{/repo}","subscriptions_url":"https://api.github.com/users/HA-Qodex/subscriptions","organizations_url":"https://api.github.com/users/HA-Qodex/orgs","repos_url":"https://api.github.com/users/HA-Qodex/repos","events_url":"https://api.github.com/users/HA-Qodex/events{/privacy}","received_events_url":"https://api.github.com/users/HA-Qodex/received_events","type":"User","user_view_type":"private","site_admin":false,"name":"Huzaifa Ahmed","company":null,"blog":"","location":null,"email":null,"hireable":true,"bio":null,"twitter_username":null,"notification_email":null,"public_repos":42,"public_gists":0,"followers":1,"following":0,"created_at":"2020-09-02T15:07:44Z","updated_at":"2025-01-19T07:37:42Z","private_gists":0,"total_private_repos":19,"owned_private_repos":18,"disk_usage":718413,"collaborators":2,"two_factor_authentication":false,"plan":{"name":"free","space":976562499,"collaborators":0,"private_repos":10000}}
[info] 
[info] ✔  Success! Logged into GitHub as HA-Qodex 
[info] 
[debug] [2025-05-15T07:14:47.060Z] Error: read EIO
    at TTY.onStreamRead (node:internal/stream_base_commons:218:20)
    at TTY.callbackTrampoline (node:internal/async_hooks:130:17)
